This file contains any messages produced by compilers while
running configure, to aid debugging if configure makes a mistake.

It was created by libnfc_nci_linux configure 1.0, which was
generated by GNU Autoconf 2.69.  Invocation command line was

  $ ./configure --host=arm-linux-gnueabihf CC=arm-linux-gnueabihf-gcc CXX=arm-linux-gnueabihf-g++ --enable-pn7120 host_alias=arm-linux-gnueabihf --no-create --no-recursion

## --------- ##
## Platform. ##
## --------- ##

hostname = rudypi-VirtualBox
uname -m = x86_64
uname -r = 3.16.0-30-generic
uname -s = Linux
uname -v = #40~14.04.1-Ubuntu SMP Thu Jan 15 17:43:14 UTC 2015

/usr/bin/uname -p = unknown
/bin/uname -X     = unknown

/bin/arch              = unknown
/usr/bin/arch -k       = unknown
/usr/convex/getsysinfo = unknown
/usr/bin/hostinfo      = unknown
/bin/machine           = unknown
/usr/bin/oslevel       = unknown
/bin/universe          = unknown

PATH: /usr/local/sbin
PATH: /usr/local/bin
PATH: /usr/sbin
PATH: /usr/bin
PATH: /sbin
PATH: /bin
PATH: /usr/games
PATH: /usr/local/games
PATH: /home/rudypi/tools/arm-bcm2708/gcc-linaro-arm-linux-gnueabihf-raspbian-x64/bin
PATH: /home/rudypi/tools/arm-bcm2708/gcc-linaro-arm-linux-gnueabihf-raspbian-x64/bin


## ----------- ##
## Core tests. ##
## ----------- ##

configure:2571: checking for a BSD-compatible install
configure:2639: result: /usr/bin/install -c
configure:2650: checking whether build environment is sane
configure:2705: result: yes
configure:2764: checking for arm-linux-gnueabihf-strip
configure:2780: found /home/rudypi/tools/arm-bcm2708/gcc-linaro-arm-linux-gnueabihf-raspbian-x64/bin/arm-linux-gnueabihf-strip
configure:2791: result: arm-linux-gnueabihf-strip
configure:2856: checking for a thread-safe mkdir -p
configure:2895: result: /bin/mkdir -p
configure:2902: checking for gawk
configure:2932: result: no
configure:2902: checking for mawk
configure:2918: found /usr/bin/mawk
configure:2929: result: mawk
configure:2940: checking whether make sets $(MAKE)
configure:2962: result: yes
configure:2991: checking whether make supports nested variables
configure:3008: result: yes
configure:3249: checking for C++ compiler version
configure:3258: arm-linux-gnueabihf-g++ --version >&5
arm-linux-gnueabihf-g++ (crosstool-NG linaro-1.13.1+bzr2650 - Linaro GCC 2014.03) 4.8.3 20140303 (prerelease)
Copyright (C) 2013 Free Software Foundation, Inc.
This is free software; see the source for copying conditions.  There is NO
warranty; not even for MERCHANTABILITY or FITNESS FOR A PARTICULAR PURPOSE.

configure:3269: $? = 0
configure:3258: arm-linux-gnueabihf-g++ -v >&5
Using built-in specs.
COLLECT_GCC=arm-linux-gnueabihf-g++
COLLECT_LTO_WRAPPER=/home/rudypi/tools/arm-bcm2708/gcc-linaro-arm-linux-gnueabihf-raspbian-x64/bin/../libexec/gcc/arm-linux-gnueabihf/4.8.3/lto-wrapper
Target: arm-linux-gnueabihf
Configured with: /home/zhehe01/work/bzr/pi-build/builds/arm-linux-gnueabihf-raspbian-linux/.build/src/gcc-linaro-4.8-2014.03/configure --build=x86_64-build_unknown-linux-gnu --host=x86_64-build_unknown-linux-gnu --target=arm-linux-gnueabihf --prefix=/home/zhehe01/work/bzr/pi-build/builds/arm-linux-gnueabihf-raspbian-linux/install --with-sysroot=/home/zhehe01/work/bzr/pi-build/builds/arm-linux-gnueabihf-raspbian-linux/install/arm-linux-gnueabihf/libc --enable-languages=c,c++,fortran --disable-multilib --enable-multiarch --with-arch=armv6 --with-tune=arm1176jz-s --with-fpu=vfp --with-float=hard --with-pkgversion='crosstool-NG linaro-1.13.1+bzr2650 - Linaro GCC 2014.03' --with-bugurl=https://bugs.launchpad.net/gcc-linaro --enable-__cxa_atexit --enable-libmudflap --enable-libgomp --enable-libssp --with-gmp=/home/zhehe01/work/bzr/pi-build/builds/arm-linux-gnueabihf-raspbian-linux/.build/arm-linux-gnueabihf/build/static --with-mpfr=/home/zhehe01/work/bzr/pi-build/builds/arm-linux-gnueabihf-raspbian-linux/.build/arm-linux-gnueabihf/build/static --with-mpc=/home/zhehe01/work/bzr/pi-build/builds/arm-linux-gnueabihf-raspbian-linux/.build/arm-linux-gnueabihf/build/static --with-isl=/home/zhehe01/work/bzr/pi-build/builds/arm-linux-gnueabihf-raspbian-linux/.build/arm-linux-gnueabihf/build/static --with-cloog=/home/zhehe01/work/bzr/pi-build/builds/arm-linux-gnueabihf-raspbian-linux/.build/arm-linux-gnueabihf/build/static --with-libelf=/home/zhehe01/work/bzr/pi-build/builds/arm-linux-gnueabihf-raspbian-linux/.build/arm-linux-gnueabihf/build/static --enable-threads=posix --disable-libstdcxx-pch --enable-linker-build-id --enable-plugin --enable-gold --with-local-prefix=/home/zhehe01/work/bzr/pi-build/builds/arm-linux-gnueabihf-raspbian-linux/install/arm-linux-gnueabihf/libc --enable-c99 --enable-long-long --with-float=hard
Thread model: posix
gcc version 4.8.3 20140303 (prerelease) (crosstool-NG linaro-1.13.1+bzr2650 - Linaro GCC 2014.03) 
configure:3269: $? = 0
configure:3258: arm-linux-gnueabihf-g++ -V >&5
arm-linux-gnueabihf-g++: error: unrecognized command line option '-V'
arm-linux-gnueabihf-g++: fatal error: no input files
compilation terminated.
configure:3269: $? = 1
configure:3258: arm-linux-gnueabihf-g++ -qversion >&5
arm-linux-gnueabihf-g++: error: unrecognized command line option '-qversion'
arm-linux-gnueabihf-g++: fatal error: no input files
compilation terminated.
configure:3269: $? = 1
configure:3289: checking whether the C++ compiler works
configure:3311: arm-linux-gnueabihf-g++    conftest.cpp  >&5
configure:3315: $? = 0
configure:3363: result: yes
configure:3366: checking for C++ compiler default output file name
configure:3368: result: a.out
configure:3374: checking for suffix of executables
configure:3381: arm-linux-gnueabihf-g++ -o conftest    conftest.cpp  >&5
configure:3385: $? = 0
configure:3407: result: 
configure:3429: checking whether we are cross compiling
configure:3437: arm-linux-gnueabihf-g++ -o conftest    conftest.cpp  >&5
configure:3441: $? = 0
configure:3448: ./conftest
./configure: line 3450: ./conftest: cannot execute binary file: Exec format error
configure:3452: $? = 126
configure:3467: result: yes
configure:3472: checking for suffix of object files
configure:3494: arm-linux-gnueabihf-g++ -c   conftest.cpp >&5
configure:3498: $? = 0
configure:3519: result: o
configure:3523: checking whether we are using the GNU C++ compiler
configure:3542: arm-linux-gnueabihf-g++ -c   conftest.cpp >&5
configure:3542: $? = 0
configure:3551: result: yes
configure:3560: checking whether arm-linux-gnueabihf-g++ accepts -g
configure:3580: arm-linux-gnueabihf-g++ -c -g  conftest.cpp >&5
configure:3580: $? = 0
configure:3621: result: yes
configure:3655: checking for style of include used by make
configure:3683: result: GNU
configure:3709: checking dependency style of arm-linux-gnueabihf-g++
configure:3820: result: gcc3
configure:3843: checking for arm-linux-gnueabihf-gcc
configure:3870: result: arm-linux-gnueabihf-gcc
configure:4139: checking for C compiler version
configure:4148: arm-linux-gnueabihf-gcc --version >&5
arm-linux-gnueabihf-gcc (crosstool-NG linaro-1.13.1+bzr2650 - Linaro GCC 2014.03) 4.8.3 20140303 (prerelease)
Copyright (C) 2013 Free Software Foundation, Inc.
This is free software; see the source for copying conditions.  There is NO
warranty; not even for MERCHANTABILITY or FITNESS FOR A PARTICULAR PURPOSE.

configure:4159: $? = 0
configure:4148: arm-linux-gnueabihf-gcc -v >&5
Using built-in specs.
COLLECT_GCC=arm-linux-gnueabihf-gcc
COLLECT_LTO_WRAPPER=/home/rudypi/tools/arm-bcm2708/gcc-linaro-arm-linux-gnueabihf-raspbian-x64/bin/../libexec/gcc/arm-linux-gnueabihf/4.8.3/lto-wrapper
Target: arm-linux-gnueabihf
Configured with: /home/zhehe01/work/bzr/pi-build/builds/arm-linux-gnueabihf-raspbian-linux/.build/src/gcc-linaro-4.8-2014.03/configure --build=x86_64-build_unknown-linux-gnu --host=x86_64-build_unknown-linux-gnu --target=arm-linux-gnueabihf --prefix=/home/zhehe01/work/bzr/pi-build/builds/arm-linux-gnueabihf-raspbian-linux/install --with-sysroot=/home/zhehe01/work/bzr/pi-build/builds/arm-linux-gnueabihf-raspbian-linux/install/arm-linux-gnueabihf/libc --enable-languages=c,c++,fortran --disable-multilib --enable-multiarch --with-arch=armv6 --with-tune=arm1176jz-s --with-fpu=vfp --with-float=hard --with-pkgversion='crosstool-NG linaro-1.13.1+bzr2650 - Linaro GCC 2014.03' --with-bugurl=https://bugs.launchpad.net/gcc-linaro --enable-__cxa_atexit --enable-libmudflap --enable-libgomp --enable-libssp --with-gmp=/home/zhehe01/work/bzr/pi-build/builds/arm-linux-gnueabihf-raspbian-linux/.build/arm-linux-gnueabihf/build/static --with-mpfr=/home/zhehe01/work/bzr/pi-build/builds/arm-linux-gnueabihf-raspbian-linux/.build/arm-linux-gnueabihf/build/static --with-mpc=/home/zhehe01/work/bzr/pi-build/builds/arm-linux-gnueabihf-raspbian-linux/.build/arm-linux-gnueabihf/build/static --with-isl=/home/zhehe01/work/bzr/pi-build/builds/arm-linux-gnueabihf-raspbian-linux/.build/arm-linux-gnueabihf/build/static --with-cloog=/home/zhehe01/work/bzr/pi-build/builds/arm-linux-gnueabihf-raspbian-linux/.build/arm-linux-gnueabihf/build/static --with-libelf=/home/zhehe01/work/bzr/pi-build/builds/arm-linux-gnueabihf-raspbian-linux/.build/arm-linux-gnueabihf/build/static --enable-threads=posix --disable-libstdcxx-pch --enable-linker-build-id --enable-plugin --enable-gold --with-local-prefix=/home/zhehe01/work/bzr/pi-build/builds/arm-linux-gnueabihf-raspbian-linux/install/arm-linux-gnueabihf/libc --enable-c99 --enable-long-long --with-float=hard
Thread model: posix
gcc version 4.8.3 20140303 (prerelease) (crosstool-NG linaro-1.13.1+bzr2650 - Linaro GCC 2014.03) 
configure:4159: $? = 0
configure:4148: arm-linux-gnueabihf-gcc -V >&5
arm-linux-gnueabihf-gcc: error: unrecognized command line option '-V'
arm-linux-gnueabihf-gcc: fatal error: no input files
compilation terminated.
configure:4159: $? = 1
configure:4148: arm-linux-gnueabihf-gcc -qversion >&5
arm-linux-gnueabihf-gcc: error: unrecognized command line option '-qversion'
arm-linux-gnueabihf-gcc: fatal error: no input files
compilation terminated.
configure:4159: $? = 1
configure:4163: checking whether we are using the GNU C compiler
configure:4182: arm-linux-gnueabihf-gcc -c -g -O2  conftest.c >&5
configure:4182: $? = 0
configure:4191: result: yes
configure:4200: checking whether arm-linux-gnueabihf-gcc accepts -g
configure:4220: arm-linux-gnueabihf-gcc -c -g  conftest.c >&5
configure:4220: $? = 0
configure:4261: result: yes
configure:4278: checking for arm-linux-gnueabihf-gcc option to accept ISO C89
configure:4341: arm-linux-gnueabihf-gcc  -c -g -O2  conftest.c >&5
configure:4341: $? = 0
configure:4354: result: none needed
configure:4379: checking whether arm-linux-gnueabihf-gcc understands -c and -o together
configure:4401: arm-linux-gnueabihf-gcc -c conftest.c -o conftest2.o
configure:4404: $? = 0
configure:4401: arm-linux-gnueabihf-gcc -c conftest.c -o conftest2.o
configure:4404: $? = 0
configure:4416: result: yes
configure:4435: checking dependency style of arm-linux-gnueabihf-gcc
configure:4546: result: gcc3
configure:4590: checking build system type
configure:4604: result: x86_64-unknown-linux-gnu
configure:4624: checking host system type
configure:4637: result: arm-unknown-linux-gnueabihf
configure:4678: checking how to print strings
configure:4705: result: printf
configure:4726: checking for a sed that does not truncate output
configure:4790: result: /bin/sed
configure:4808: checking for grep that handles long lines and -e
configure:4866: result: /bin/grep
configure:4871: checking for egrep
configure:4933: result: /bin/grep -E
configure:4938: checking for fgrep
configure:5000: result: /bin/grep -F
configure:5035: checking for ld used by arm-linux-gnueabihf-gcc
configure:5102: result: /home/rudypi/tools/arm-bcm2708/gcc-linaro-arm-linux-gnueabihf-raspbian-x64/arm-linux-gnueabihf/bin/ld
configure:5109: checking if the linker (/home/rudypi/tools/arm-bcm2708/gcc-linaro-arm-linux-gnueabihf-raspbian-x64/arm-linux-gnueabihf/bin/ld) is GNU ld
configure:5124: result: yes
configure:5136: checking for BSD- or MS-compatible name lister (nm)
configure:5185: result: /home/rudypi/tools/arm-bcm2708/gcc-linaro-arm-linux-gnueabihf-raspbian-x64/bin/arm-linux-gnueabihf-nm -B
configure:5315: checking the name lister (/home/rudypi/tools/arm-bcm2708/gcc-linaro-arm-linux-gnueabihf-raspbian-x64/bin/arm-linux-gnueabihf-nm -B) interface
configure:5322: arm-linux-gnueabihf-gcc -c -g -O2  conftest.c >&5
configure:5325: /home/rudypi/tools/arm-bcm2708/gcc-linaro-arm-linux-gnueabihf-raspbian-x64/bin/arm-linux-gnueabihf-nm -B "conftest.o"
configure:5328: output
00000000 B some_variable
configure:5335: result: BSD nm
configure:5338: checking whether ln -s works
configure:5342: result: yes
configure:5350: checking the maximum length of command line arguments
configure:5481: result: 3458764513820540925
configure:5498: checking whether the shell understands some XSI constructs
configure:5508: result: yes
configure:5512: checking whether the shell understands "+="
configure:5518: result: yes
configure:5553: checking how to convert x86_64-unknown-linux-gnu file names to arm-unknown-linux-gnueabihf format
configure:5593: result: func_convert_file_noop
configure:5600: checking how to convert x86_64-unknown-linux-gnu file names to toolchain format
configure:5620: result: func_convert_file_noop
configure:5627: checking for /home/rudypi/tools/arm-bcm2708/gcc-linaro-arm-linux-gnueabihf-raspbian-x64/arm-linux-gnueabihf/bin/ld option to reload object files
configure:5634: result: -r
configure:5668: checking for arm-linux-gnueabihf-objdump
configure:5684: found /home/rudypi/tools/arm-bcm2708/gcc-linaro-arm-linux-gnueabihf-raspbian-x64/bin/arm-linux-gnueabihf-objdump
configure:5695: result: arm-linux-gnueabihf-objdump
configure:5767: checking how to recognize dependent libraries
configure:5965: result: pass_all
configure:6010: checking for arm-linux-gnueabihf-dlltool
configure:6040: result: no
configure:6050: checking for dlltool
configure:6080: result: no
configure:6110: checking how to associate runtime and link libraries
configure:6137: result: printf %s\n
configure:6154: checking for arm-linux-gnueabihf-ar
configure:6170: found /home/rudypi/tools/arm-bcm2708/gcc-linaro-arm-linux-gnueabihf-raspbian-x64/bin/arm-linux-gnueabihf-ar
configure:6181: result: arm-linux-gnueabihf-ar
configure:6262: checking for archiver @FILE support
configure:6279: arm-linux-gnueabihf-gcc -c -g -O2  conftest.c >&5
configure:6279: $? = 0
configure:6282: arm-linux-gnueabihf-ar cru libconftest.a @conftest.lst >&5
configure:6285: $? = 0
configure:6290: arm-linux-gnueabihf-ar cru libconftest.a @conftest.lst >&5
arm-linux-gnueabihf-ar: conftest.o: No such file or directory
configure:6293: $? = 1
configure:6305: result: @
configure:6323: checking for arm-linux-gnueabihf-strip
configure:6350: result: arm-linux-gnueabihf-strip
configure:6422: checking for arm-linux-gnueabihf-ranlib
configure:6438: found /home/rudypi/tools/arm-bcm2708/gcc-linaro-arm-linux-gnueabihf-raspbian-x64/bin/arm-linux-gnueabihf-ranlib
configure:6449: result: arm-linux-gnueabihf-ranlib
configure:6591: checking command to parse /home/rudypi/tools/arm-bcm2708/gcc-linaro-arm-linux-gnueabihf-raspbian-x64/bin/arm-linux-gnueabihf-nm -B output from arm-linux-gnueabihf-gcc object
configure:6711: arm-linux-gnueabihf-gcc -c -g -O2  conftest.c >&5
configure:6714: $? = 0
configure:6718: /home/rudypi/tools/arm-bcm2708/gcc-linaro-arm-linux-gnueabihf-raspbian-x64/bin/arm-linux-gnueabihf-nm -B conftest.o \| sed -n -e 's/^.*[ ]\([ABCDGIRSTW][ABCDGIRSTW]*\)[ ][ ]*\([_A-Za-z][_A-Za-z0-9]*\)$/\1 \2 \2/p' | sed '/ __gnu_lto/d' \> conftest.nm
configure:6721: $? = 0
configure:6787: arm-linux-gnueabihf-gcc -o conftest -g -O2   conftest.c conftstm.o >&5
configure:6790: $? = 0
configure:6828: result: ok
configure:6865: checking for sysroot
configure:6895: result: no
configure:7124: checking for arm-linux-gnueabihf-mt
configure:7154: result: no
configure:7164: checking for mt
configure:7180: found /bin/mt
configure:7191: result: mt
configure:7203: WARNING: using cross tools not prefixed with host triplet
configure:7214: checking if mt is a manifest tool
configure:7220: mt '-?'
configure:7228: result: no
configure:7870: checking how to run the C preprocessor
configure:7901: arm-linux-gnueabihf-gcc -E  conftest.c
configure:7901: $? = 0
configure:7915: arm-linux-gnueabihf-gcc -E  conftest.c
conftest.c:11:28: fatal error: ac_nonexistent.h: No such file or directory
 #include <ac_nonexistent.h>
                            ^
compilation terminated.
configure:7915: $? = 1
configure: failed program was:
| /* confdefs.h */
| #define PACKAGE_NAME "libnfc_nci_linux"
| #define PACKAGE_TARNAME "libnfc_nci_linux"
| #define PACKAGE_VERSION "1.0"
| #define PACKAGE_STRING "libnfc_nci_linux 1.0"
| #define PACKAGE_BUGREPORT ""
| #define PACKAGE_URL ""
| #define PACKAGE "libnfc_nci_linux"
| #define VERSION "1.0"
| /* end confdefs.h.  */
| #include <ac_nonexistent.h>
configure:7940: result: arm-linux-gnueabihf-gcc -E
configure:7960: arm-linux-gnueabihf-gcc -E  conftest.c
configure:7960: $? = 0
configure:7974: arm-linux-gnueabihf-gcc -E  conftest.c
conftest.c:11:28: fatal error: ac_nonexistent.h: No such file or directory
 #include <ac_nonexistent.h>
                            ^
compilation terminated.
configure:7974: $? = 1
configure: failed program was:
| /* confdefs.h */
| #define PACKAGE_NAME "libnfc_nci_linux"
| #define PACKAGE_TARNAME "libnfc_nci_linux"
| #define PACKAGE_VERSION "1.0"
| #define PACKAGE_STRING "libnfc_nci_linux 1.0"
| #define PACKAGE_BUGREPORT ""
| #define PACKAGE_URL ""
| #define PACKAGE "libnfc_nci_linux"
| #define VERSION "1.0"
| /* end confdefs.h.  */
| #include <ac_nonexistent.h>
configure:8003: checking for ANSI C header files
configure:8023: arm-linux-gnueabihf-gcc -c -g -O2  conftest.c >&5
configure:8023: $? = 0
configure:8107: result: yes
configure:8120: checking for sys/types.h
configure:8120: arm-linux-gnueabihf-gcc -c -g -O2  conftest.c >&5
configure:8120: $? = 0
configure:8120: result: yes
configure:8120: checking for sys/stat.h
configure:8120: arm-linux-gnueabihf-gcc -c -g -O2  conftest.c >&5
configure:8120: $? = 0
configure:8120: result: yes
configure:8120: checking for stdlib.h
configure:8120: arm-linux-gnueabihf-gcc -c -g -O2  conftest.c >&5
configure:8120: $? = 0
configure:8120: result: yes
configure:8120: checking for string.h
configure:8120: arm-linux-gnueabihf-gcc -c -g -O2  conftest.c >&5
configure:8120: $? = 0
configure:8120: result: yes
configure:8120: checking for memory.h
configure:8120: arm-linux-gnueabihf-gcc -c -g -O2  conftest.c >&5
configure:8120: $? = 0
configure:8120: result: yes
configure:8120: checking for strings.h
configure:8120: arm-linux-gnueabihf-gcc -c -g -O2  conftest.c >&5
configure:8120: $? = 0
configure:8120: result: yes
configure:8120: checking for inttypes.h
configure:8120: arm-linux-gnueabihf-gcc -c -g -O2  conftest.c >&5
configure:8120: $? = 0
configure:8120: result: yes
configure:8120: checking for stdint.h
configure:8120: arm-linux-gnueabihf-gcc -c -g -O2  conftest.c >&5
configure:8120: $? = 0
configure:8120: result: yes
configure:8120: checking for unistd.h
configure:8120: arm-linux-gnueabihf-gcc -c -g -O2  conftest.c >&5
configure:8120: $? = 0
configure:8120: result: yes
configure:8134: checking for dlfcn.h
configure:8134: arm-linux-gnueabihf-gcc -c -g -O2  conftest.c >&5
configure:8134: $? = 0
configure:8134: result: yes
configure:8351: checking for objdir
configure:8366: result: .libs
configure:8637: checking if arm-linux-gnueabihf-gcc supports -fno-rtti -fno-exceptions
configure:8655: arm-linux-gnueabihf-gcc -c -g -O2  -fno-rtti -fno-exceptions conftest.c >&5
cc1: warning: command line option '-fno-rtti' is valid for C++/ObjC++ but not for C [enabled by default]
configure:8659: $? = 0
configure:8672: result: no
configure:8999: checking for arm-linux-gnueabihf-gcc option to produce PIC
configure:9006: result: -fPIC -DPIC
configure:9014: checking if arm-linux-gnueabihf-gcc PIC flag -fPIC -DPIC works
configure:9032: arm-linux-gnueabihf-gcc -c -g -O2  -fPIC -DPIC -DPIC conftest.c >&5
configure:9036: $? = 0
configure:9049: result: yes
configure:9078: checking if arm-linux-gnueabihf-gcc static flag -static works
configure:9106: result: yes
configure:9121: checking if arm-linux-gnueabihf-gcc supports -c -o file.o
configure:9142: arm-linux-gnueabihf-gcc -c -g -O2  -o out/conftest2.o conftest.c >&5
configure:9146: $? = 0
configure:9168: result: yes
configure:9176: checking if arm-linux-gnueabihf-gcc supports -c -o file.o
configure:9223: result: yes
configure:9256: checking whether the arm-linux-gnueabihf-gcc linker (/home/rudypi/tools/arm-bcm2708/gcc-linaro-arm-linux-gnueabihf-raspbian-x64/arm-linux-gnueabihf/bin/ld) supports shared libraries
configure:10413: result: yes
configure:10450: checking whether -lc should be explicitly linked in
configure:10458: arm-linux-gnueabihf-gcc -c -g -O2  conftest.c >&5
configure:10461: $? = 0
configure:10476: arm-linux-gnueabihf-gcc -shared  -fPIC -DPIC conftest.o  -v -Wl,-soname -Wl,conftest -o conftest 2\>\&1 \| /bin/grep  -lc  \>/dev/null 2\>\&1
configure:10479: $? = 0
configure:10493: result: no
configure:10653: checking dynamic linker characteristics
configure:11153: arm-linux-gnueabihf-gcc -o conftest -g -O2   -Wl,-rpath -Wl,/foo conftest.c  >&5
configure:11153: $? = 0
configure:11387: result: GNU/Linux ld.so
configure:11494: checking how to hardcode library paths into programs
configure:11519: result: immediate
configure:12059: checking whether stripping libraries is possible
configure:12064: result: yes
configure:12099: checking if libtool supports shared libraries
configure:12101: result: yes
configure:12104: checking whether to build shared libraries
configure:12125: result: yes
configure:12128: checking whether to build static libraries
configure:12132: result: yes
configure:12155: checking how to run the C++ preprocessor
configure:12182: arm-linux-gnueabihf-g++ -E  conftest.cpp
configure:12182: $? = 0
configure:12196: arm-linux-gnueabihf-g++ -E  conftest.cpp
conftest.cpp:23:28: fatal error: ac_nonexistent.h: No such file or directory
 #include <ac_nonexistent.h>
                            ^
compilation terminated.
configure:12196: $? = 1
configure: failed program was:
| /* confdefs.h */
| #define PACKAGE_NAME "libnfc_nci_linux"
| #define PACKAGE_TARNAME "libnfc_nci_linux"
| #define PACKAGE_VERSION "1.0"
| #define PACKAGE_STRING "libnfc_nci_linux 1.0"
| #define PACKAGE_BUGREPORT ""
| #define PACKAGE_URL ""
| #define PACKAGE "libnfc_nci_linux"
| #define VERSION "1.0"
| #define STDC_HEADERS 1
| #define HAVE_SYS_TYPES_H 1
| #define HAVE_SYS_STAT_H 1
| #define HAVE_STDLIB_H 1
| #define HAVE_STRING_H 1
| #define HAVE_MEMORY_H 1
| #define HAVE_STRINGS_H 1
| #define HAVE_INTTYPES_H 1
| #define HAVE_STDINT_H 1
| #define HAVE_UNISTD_H 1
| #define HAVE_DLFCN_H 1
| #define LT_OBJDIR ".libs/"
| /* end confdefs.h.  */
| #include <ac_nonexistent.h>
configure:12221: result: arm-linux-gnueabihf-g++ -E
configure:12241: arm-linux-gnueabihf-g++ -E  conftest.cpp
configure:12241: $? = 0
configure:12255: arm-linux-gnueabihf-g++ -E  conftest.cpp
conftest.cpp:23:28: fatal error: ac_nonexistent.h: No such file or directory
 #include <ac_nonexistent.h>
                            ^
compilation terminated.
configure:12255: $? = 1
configure: failed program was:
| /* confdefs.h */
| #define PACKAGE_NAME "libnfc_nci_linux"
| #define PACKAGE_TARNAME "libnfc_nci_linux"
| #define PACKAGE_VERSION "1.0"
| #define PACKAGE_STRING "libnfc_nci_linux 1.0"
| #define PACKAGE_BUGREPORT ""
| #define PACKAGE_URL ""
| #define PACKAGE "libnfc_nci_linux"
| #define VERSION "1.0"
| #define STDC_HEADERS 1
| #define HAVE_SYS_TYPES_H 1
| #define HAVE_SYS_STAT_H 1
| #define HAVE_STDLIB_H 1
| #define HAVE_STRING_H 1
| #define HAVE_MEMORY_H 1
| #define HAVE_STRINGS_H 1
| #define HAVE_INTTYPES_H 1
| #define HAVE_STDINT_H 1
| #define HAVE_UNISTD_H 1
| #define HAVE_DLFCN_H 1
| #define LT_OBJDIR ".libs/"
| /* end confdefs.h.  */
| #include <ac_nonexistent.h>
configure:12424: checking for ld used by arm-linux-gnueabihf-g++
configure:12491: result: /home/rudypi/tools/arm-bcm2708/gcc-linaro-arm-linux-gnueabihf-raspbian-x64/arm-linux-gnueabihf/bin/ld
configure:12498: checking if the linker (/home/rudypi/tools/arm-bcm2708/gcc-linaro-arm-linux-gnueabihf-raspbian-x64/arm-linux-gnueabihf/bin/ld) is GNU ld
configure:12513: result: yes
configure:12568: checking whether the arm-linux-gnueabihf-g++ linker (/home/rudypi/tools/arm-bcm2708/gcc-linaro-arm-linux-gnueabihf-raspbian-x64/arm-linux-gnueabihf/bin/ld) supports shared libraries
configure:13570: result: yes
configure:13606: arm-linux-gnueabihf-g++ -c -g -O2  conftest.cpp >&5
configure:13609: $? = 0
configure:14129: checking for arm-linux-gnueabihf-g++ option to produce PIC
configure:14136: result: -fPIC -DPIC
configure:14144: checking if arm-linux-gnueabihf-g++ PIC flag -fPIC -DPIC works
configure:14162: arm-linux-gnueabihf-g++ -c -g -O2  -fPIC -DPIC -DPIC conftest.cpp >&5
configure:14166: $? = 0
configure:14179: result: yes
configure:14202: checking if arm-linux-gnueabihf-g++ static flag -static works
configure:14230: result: yes
configure:14242: checking if arm-linux-gnueabihf-g++ supports -c -o file.o
configure:14263: arm-linux-gnueabihf-g++ -c -g -O2  -o out/conftest2.o conftest.cpp >&5
configure:14267: $? = 0
configure:14289: result: yes
configure:14294: checking if arm-linux-gnueabihf-g++ supports -c -o file.o
configure:14341: result: yes
configure:14371: checking whether the arm-linux-gnueabihf-g++ linker (/home/rudypi/tools/arm-bcm2708/gcc-linaro-arm-linux-gnueabihf-raspbian-x64/arm-linux-gnueabihf/bin/ld) supports shared libraries
configure:14410: result: yes
configure:14551: checking dynamic linker characteristics
configure:15219: result: GNU/Linux ld.so
configure:15272: checking how to hardcode library paths into programs
configure:15297: result: immediate
configure:15368: checking for stdint.h
configure:15368: result: yes
configure:15368: checking for stdlib.h
configure:15368: result: yes
configure:15368: checking for string.h
configure:15368: result: yes
configure:15368: checking sys/time.h usability
configure:15368: arm-linux-gnueabihf-gcc -c -g -O2  conftest.c >&5
configure:15368: $? = 0
configure:15368: result: yes
configure:15368: checking sys/time.h presence
configure:15368: arm-linux-gnueabihf-gcc -E  conftest.c
configure:15368: $? = 0
configure:15368: result: yes
configure:15368: checking for sys/time.h
configure:15368: result: yes
configure:15368: checking for unistd.h
configure:15368: result: yes
configure:15381: checking fcntl.h usability
configure:15381: arm-linux-gnueabihf-gcc -c -g -O2  conftest.c >&5
configure:15381: $? = 0
configure:15381: result: yes
configure:15381: checking fcntl.h presence
configure:15381: arm-linux-gnueabihf-gcc -E  conftest.c
configure:15381: $? = 0
configure:15381: result: yes
configure:15381: checking for fcntl.h
configure:15381: result: yes
configure:15381: checking sys/ioctl.h usability
configure:15381: arm-linux-gnueabihf-gcc -c -g -O2  conftest.c >&5
configure:15381: $? = 0
configure:15381: result: yes
configure:15381: checking sys/ioctl.h presence
configure:15381: arm-linux-gnueabihf-gcc -E  conftest.c
configure:15381: $? = 0
configure:15381: result: yes
configure:15381: checking for sys/ioctl.h
configure:15381: result: yes
configure:15381: checking termios.h usability
configure:15381: arm-linux-gnueabihf-gcc -c -g -O2  conftest.c >&5
configure:15381: $? = 0
configure:15381: result: yes
configure:15381: checking termios.h presence
configure:15381: arm-linux-gnueabihf-gcc -E  conftest.c
configure:15381: $? = 0
configure:15381: result: yes
configure:15381: checking for termios.h
configure:15381: result: yes
configure:15393: checking malloc.h usability
configure:15393: arm-linux-gnueabihf-gcc -c -g -O2  conftest.c >&5
configure:15393: $? = 0
configure:15393: result: yes
configure:15393: checking malloc.h presence
configure:15393: arm-linux-gnueabihf-gcc -E  conftest.c
configure:15393: $? = 0
configure:15393: result: yes
configure:15393: checking for malloc.h
configure:15393: result: yes
configure:15405: checking for stdbool.h that conforms to C99
configure:15472: arm-linux-gnueabihf-gcc -c -g -O2  conftest.c >&5
configure:15472: $? = 0
configure:15479: result: yes
configure:15481: checking for _Bool
configure:15481: arm-linux-gnueabihf-gcc -c -g -O2  conftest.c >&5
configure:15481: $? = 0
configure:15481: arm-linux-gnueabihf-gcc -c -g -O2  conftest.c >&5
conftest.c: In function 'main':
conftest.c:68:20: error: expected expression before ')' token
 if (sizeof ((_Bool)))
                    ^
configure:15481: $? = 1
configure: failed program was:
| /* confdefs.h */
| #define PACKAGE_NAME "libnfc_nci_linux"
| #define PACKAGE_TARNAME "libnfc_nci_linux"
| #define PACKAGE_VERSION "1.0"
| #define PACKAGE_STRING "libnfc_nci_linux 1.0"
| #define PACKAGE_BUGREPORT ""
| #define PACKAGE_URL ""
| #define PACKAGE "libnfc_nci_linux"
| #define VERSION "1.0"
| #define STDC_HEADERS 1
| #define HAVE_SYS_TYPES_H 1
| #define HAVE_SYS_STAT_H 1
| #define HAVE_STDLIB_H 1
| #define HAVE_STRING_H 1
| #define HAVE_MEMORY_H 1
| #define HAVE_STRINGS_H 1
| #define HAVE_INTTYPES_H 1
| #define HAVE_STDINT_H 1
| #define HAVE_UNISTD_H 1
| #define HAVE_DLFCN_H 1
| #define LT_OBJDIR ".libs/"
| #define HAVE_STDINT_H 1
| #define HAVE_STDLIB_H 1
| #define HAVE_STRING_H 1
| #define HAVE_SYS_TIME_H 1
| #define HAVE_UNISTD_H 1
| #define HAVE_FCNTL_H 1
| #define HAVE_SYS_IOCTL_H 1
| #define HAVE_TERMIOS_H 1
| #define HAVE_MALLOC_H 1
| /* end confdefs.h.  */
| #include <stdio.h>
| #ifdef HAVE_SYS_TYPES_H
| # include <sys/types.h>
| #endif
| #ifdef HAVE_SYS_STAT_H
| # include <sys/stat.h>
| #endif
| #ifdef STDC_HEADERS
| # include <stdlib.h>
| # include <stddef.h>
| #else
| # ifdef HAVE_STDLIB_H
| #  include <stdlib.h>
| # endif
| #endif
| #ifdef HAVE_STRING_H
| # if !defined STDC_HEADERS && defined HAVE_MEMORY_H
| #  include <memory.h>
| # endif
| # include <string.h>
| #endif
| #ifdef HAVE_STRINGS_H
| # include <strings.h>
| #endif
| #ifdef HAVE_INTTYPES_H
| # include <inttypes.h>
| #endif
| #ifdef HAVE_STDINT_H
| # include <stdint.h>
| #endif
| #ifdef HAVE_UNISTD_H
| # include <unistd.h>
| #endif
| int
| main ()
| {
| if (sizeof ((_Bool)))
| 	    return 0;
|   ;
|   return 0;
| }
configure:15481: result: yes
configure:15492: checking for inline
configure:15508: arm-linux-gnueabihf-gcc -c -g -O2  conftest.c >&5
configure:15508: $? = 0
configure:15516: result: inline
configure:15534: checking for int32_t
configure:15534: arm-linux-gnueabihf-gcc -c -g -O2  conftest.c >&5
configure:15534: $? = 0
configure:15534: arm-linux-gnueabihf-gcc -c -g -O2  conftest.c >&5
conftest.c: In function 'main':
conftest.c:71:53: warning: integer overflow in expression [-Woverflow]
    < (int32_t) (((((int32_t) 1 << N) << N) - 1) * 2 + 2))];
                                                     ^
conftest.c:70:12: error: storage size of 'test_array' isn't constant
 static int test_array [1 - 2 * !((int32_t) (((((int32_t) 1 << N) << N) - 1) * 2 + 1)
            ^
configure:15534: $? = 1
configure: failed program was:
| /* confdefs.h */
| #define PACKAGE_NAME "libnfc_nci_linux"
| #define PACKAGE_TARNAME "libnfc_nci_linux"
| #define PACKAGE_VERSION "1.0"
| #define PACKAGE_STRING "libnfc_nci_linux 1.0"
| #define PACKAGE_BUGREPORT ""
| #define PACKAGE_URL ""
| #define PACKAGE "libnfc_nci_linux"
| #define VERSION "1.0"
| #define STDC_HEADERS 1
| #define HAVE_SYS_TYPES_H 1
| #define HAVE_SYS_STAT_H 1
| #define HAVE_STDLIB_H 1
| #define HAVE_STRING_H 1
| #define HAVE_MEMORY_H 1
| #define HAVE_STRINGS_H 1
| #define HAVE_INTTYPES_H 1
| #define HAVE_STDINT_H 1
| #define HAVE_UNISTD_H 1
| #define HAVE_DLFCN_H 1
| #define LT_OBJDIR ".libs/"
| #define HAVE_STDINT_H 1
| #define HAVE_STDLIB_H 1
| #define HAVE_STRING_H 1
| #define HAVE_SYS_TIME_H 1
| #define HAVE_UNISTD_H 1
| #define HAVE_FCNTL_H 1
| #define HAVE_SYS_IOCTL_H 1
| #define HAVE_TERMIOS_H 1
| #define HAVE_MALLOC_H 1
| #define HAVE__BOOL 1
| /* end confdefs.h.  */
| #include <stdio.h>
| #ifdef HAVE_SYS_TYPES_H
| # include <sys/types.h>
| #endif
| #ifdef HAVE_SYS_STAT_H
| # include <sys/stat.h>
| #endif
| #ifdef STDC_HEADERS
| # include <stdlib.h>
| # include <stddef.h>
| #else
| # ifdef HAVE_STDLIB_H
| #  include <stdlib.h>
| # endif
| #endif
| #ifdef HAVE_STRING_H
| # if !defined STDC_HEADERS && defined HAVE_MEMORY_H
| #  include <memory.h>
| # endif
| # include <string.h>
| #endif
| #ifdef HAVE_STRINGS_H
| # include <strings.h>
| #endif
| #ifdef HAVE_INTTYPES_H
| # include <inttypes.h>
| #endif
| #ifdef HAVE_STDINT_H
| # include <stdint.h>
| #endif
| #ifdef HAVE_UNISTD_H
| # include <unistd.h>
| #endif
| 	        enum { N = 32 / 2 - 1 };
| int
| main ()
| {
| static int test_array [1 - 2 * !((int32_t) (((((int32_t) 1 << N) << N) - 1) * 2 + 1)
| 		 < (int32_t) (((((int32_t) 1 << N) << N) - 1) * 2 + 2))];
| test_array [0] = 0;
| return test_array [0];
| 
|   ;
|   return 0;
| }
configure:15534: result: yes
configure:15545: checking for size_t
configure:15545: arm-linux-gnueabihf-gcc -c -g -O2  conftest.c >&5
configure:15545: $? = 0
configure:15545: arm-linux-gnueabihf-gcc -c -g -O2  conftest.c >&5
conftest.c: In function 'main':
conftest.c:69:21: error: expected expression before ')' token
 if (sizeof ((size_t)))
                     ^
configure:15545: $? = 1
configure: failed program was:
| /* confdefs.h */
| #define PACKAGE_NAME "libnfc_nci_linux"
| #define PACKAGE_TARNAME "libnfc_nci_linux"
| #define PACKAGE_VERSION "1.0"
| #define PACKAGE_STRING "libnfc_nci_linux 1.0"
| #define PACKAGE_BUGREPORT ""
| #define PACKAGE_URL ""
| #define PACKAGE "libnfc_nci_linux"
| #define VERSION "1.0"
| #define STDC_HEADERS 1
| #define HAVE_SYS_TYPES_H 1
| #define HAVE_SYS_STAT_H 1
| #define HAVE_STDLIB_H 1
| #define HAVE_STRING_H 1
| #define HAVE_MEMORY_H 1
| #define HAVE_STRINGS_H 1
| #define HAVE_INTTYPES_H 1
| #define HAVE_STDINT_H 1
| #define HAVE_UNISTD_H 1
| #define HAVE_DLFCN_H 1
| #define LT_OBJDIR ".libs/"
| #define HAVE_STDINT_H 1
| #define HAVE_STDLIB_H 1
| #define HAVE_STRING_H 1
| #define HAVE_SYS_TIME_H 1
| #define HAVE_UNISTD_H 1
| #define HAVE_FCNTL_H 1
| #define HAVE_SYS_IOCTL_H 1
| #define HAVE_TERMIOS_H 1
| #define HAVE_MALLOC_H 1
| #define HAVE__BOOL 1
| /* end confdefs.h.  */
| #include <stdio.h>
| #ifdef HAVE_SYS_TYPES_H
| # include <sys/types.h>
| #endif
| #ifdef HAVE_SYS_STAT_H
| # include <sys/stat.h>
| #endif
| #ifdef STDC_HEADERS
| # include <stdlib.h>
| # include <stddef.h>
| #else
| # ifdef HAVE_STDLIB_H
| #  include <stdlib.h>
| # endif
| #endif
| #ifdef HAVE_STRING_H
| # if !defined STDC_HEADERS && defined HAVE_MEMORY_H
| #  include <memory.h>
| # endif
| # include <string.h>
| #endif
| #ifdef HAVE_STRINGS_H
| # include <strings.h>
| #endif
| #ifdef HAVE_INTTYPES_H
| # include <inttypes.h>
| #endif
| #ifdef HAVE_STDINT_H
| # include <stdint.h>
| #endif
| #ifdef HAVE_UNISTD_H
| # include <unistd.h>
| #endif
| int
| main ()
| {
| if (sizeof ((size_t)))
| 	    return 0;
|   ;
|   return 0;
| }
configure:15545: result: yes
configure:15556: checking for uint16_t
configure:15556: arm-linux-gnueabihf-gcc -c -g -O2  conftest.c >&5
configure:15556: $? = 0
configure:15556: result: yes
configure:15568: checking for uint32_t
configure:15568: arm-linux-gnueabihf-gcc -c -g -O2  conftest.c >&5
configure:15568: $? = 0
configure:15568: result: yes
configure:15582: checking for uint64_t
configure:15582: arm-linux-gnueabihf-gcc -c -g -O2  conftest.c >&5
configure:15582: $? = 0
configure:15582: result: yes
configure:15596: checking for uint8_t
configure:15596: arm-linux-gnueabihf-gcc -c -g -O2  conftest.c >&5
configure:15596: $? = 0
configure:15596: result: yes
configure:15610: checking for int16_t
configure:15610: arm-linux-gnueabihf-gcc -c -g -O2  conftest.c >&5
configure:15610: $? = 0
configure:15610: arm-linux-gnueabihf-gcc -c -g -O2  conftest.c >&5
conftest.c: In function 'main':
conftest.c:70:12: error: size of array 'test_array' is negative
 static int test_array [1 - 2 * !((int16_t) (((((int16_t) 1 << N) << N) - 1) * 2 + 1)
            ^
configure:15610: $? = 1
configure: failed program was:
| /* confdefs.h */
| #define PACKAGE_NAME "libnfc_nci_linux"
| #define PACKAGE_TARNAME "libnfc_nci_linux"
| #define PACKAGE_VERSION "1.0"
| #define PACKAGE_STRING "libnfc_nci_linux 1.0"
| #define PACKAGE_BUGREPORT ""
| #define PACKAGE_URL ""
| #define PACKAGE "libnfc_nci_linux"
| #define VERSION "1.0"
| #define STDC_HEADERS 1
| #define HAVE_SYS_TYPES_H 1
| #define HAVE_SYS_STAT_H 1
| #define HAVE_STDLIB_H 1
| #define HAVE_STRING_H 1
| #define HAVE_MEMORY_H 1
| #define HAVE_STRINGS_H 1
| #define HAVE_INTTYPES_H 1
| #define HAVE_STDINT_H 1
| #define HAVE_UNISTD_H 1
| #define HAVE_DLFCN_H 1
| #define LT_OBJDIR ".libs/"
| #define HAVE_STDINT_H 1
| #define HAVE_STDLIB_H 1
| #define HAVE_STRING_H 1
| #define HAVE_SYS_TIME_H 1
| #define HAVE_UNISTD_H 1
| #define HAVE_FCNTL_H 1
| #define HAVE_SYS_IOCTL_H 1
| #define HAVE_TERMIOS_H 1
| #define HAVE_MALLOC_H 1
| #define HAVE__BOOL 1
| /* end confdefs.h.  */
| #include <stdio.h>
| #ifdef HAVE_SYS_TYPES_H
| # include <sys/types.h>
| #endif
| #ifdef HAVE_SYS_STAT_H
| # include <sys/stat.h>
| #endif
| #ifdef STDC_HEADERS
| # include <stdlib.h>
| # include <stddef.h>
| #else
| # ifdef HAVE_STDLIB_H
| #  include <stdlib.h>
| # endif
| #endif
| #ifdef HAVE_STRING_H
| # if !defined STDC_HEADERS && defined HAVE_MEMORY_H
| #  include <memory.h>
| # endif
| # include <string.h>
| #endif
| #ifdef HAVE_STRINGS_H
| # include <strings.h>
| #endif
| #ifdef HAVE_INTTYPES_H
| # include <inttypes.h>
| #endif
| #ifdef HAVE_STDINT_H
| # include <stdint.h>
| #endif
| #ifdef HAVE_UNISTD_H
| # include <unistd.h>
| #endif
| 	        enum { N = 16 / 2 - 1 };
| int
| main ()
| {
| static int test_array [1 - 2 * !((int16_t) (((((int16_t) 1 << N) << N) - 1) * 2 + 1)
| 		 < (int16_t) (((((int16_t) 1 << N) << N) - 1) * 2 + 2))];
| test_array [0] = 0;
| return test_array [0];
| 
|   ;
|   return 0;
| }
configure:15610: result: yes
configure:15621: checking for int8_t
configure:15621: arm-linux-gnueabihf-gcc -c -g -O2  conftest.c >&5
configure:15621: $? = 0
configure:15621: arm-linux-gnueabihf-gcc -c -g -O2  conftest.c >&5
conftest.c: In function 'main':
conftest.c:70:12: error: size of array 'test_array' is negative
 static int test_array [1 - 2 * !((int8_t) (((((int8_t) 1 << N) << N) - 1) * 2 + 1)
            ^
configure:15621: $? = 1
configure: failed program was:
| /* confdefs.h */
| #define PACKAGE_NAME "libnfc_nci_linux"
| #define PACKAGE_TARNAME "libnfc_nci_linux"
| #define PACKAGE_VERSION "1.0"
| #define PACKAGE_STRING "libnfc_nci_linux 1.0"
| #define PACKAGE_BUGREPORT ""
| #define PACKAGE_URL ""
| #define PACKAGE "libnfc_nci_linux"
| #define VERSION "1.0"
| #define STDC_HEADERS 1
| #define HAVE_SYS_TYPES_H 1
| #define HAVE_SYS_STAT_H 1
| #define HAVE_STDLIB_H 1
| #define HAVE_STRING_H 1
| #define HAVE_MEMORY_H 1
| #define HAVE_STRINGS_H 1
| #define HAVE_INTTYPES_H 1
| #define HAVE_STDINT_H 1
| #define HAVE_UNISTD_H 1
| #define HAVE_DLFCN_H 1
| #define LT_OBJDIR ".libs/"
| #define HAVE_STDINT_H 1
| #define HAVE_STDLIB_H 1
| #define HAVE_STRING_H 1
| #define HAVE_SYS_TIME_H 1
| #define HAVE_UNISTD_H 1
| #define HAVE_FCNTL_H 1
| #define HAVE_SYS_IOCTL_H 1
| #define HAVE_TERMIOS_H 1
| #define HAVE_MALLOC_H 1
| #define HAVE__BOOL 1
| /* end confdefs.h.  */
| #include <stdio.h>
| #ifdef HAVE_SYS_TYPES_H
| # include <sys/types.h>
| #endif
| #ifdef HAVE_SYS_STAT_H
| # include <sys/stat.h>
| #endif
| #ifdef STDC_HEADERS
| # include <stdlib.h>
| # include <stddef.h>
| #else
| # ifdef HAVE_STDLIB_H
| #  include <stdlib.h>
| # endif
| #endif
| #ifdef HAVE_STRING_H
| # if !defined STDC_HEADERS && defined HAVE_MEMORY_H
| #  include <memory.h>
| # endif
| # include <string.h>
| #endif
| #ifdef HAVE_STRINGS_H
| # include <strings.h>
| #endif
| #ifdef HAVE_INTTYPES_H
| # include <inttypes.h>
| #endif
| #ifdef HAVE_STDINT_H
| # include <stdint.h>
| #endif
| #ifdef HAVE_UNISTD_H
| # include <unistd.h>
| #endif
| 	        enum { N = 8 / 2 - 1 };
| int
| main ()
| {
| static int test_array [1 - 2 * !((int8_t) (((((int8_t) 1 << N) << N) - 1) * 2 + 1)
| 		 < (int8_t) (((((int8_t) 1 << N) << N) - 1) * 2 + 2))];
| test_array [0] = 0;
| return test_array [0];
| 
|   ;
|   return 0;
| }
configure:15621: result: yes
configure:15632: checking for ssize_t
configure:15632: arm-linux-gnueabihf-gcc -c -g -O2  conftest.c >&5
configure:15632: $? = 0
configure:15632: arm-linux-gnueabihf-gcc -c -g -O2  conftest.c >&5
conftest.c: In function 'main':
conftest.c:69:22: error: expected expression before ')' token
 if (sizeof ((ssize_t)))
                      ^
configure:15632: $? = 1
configure: failed program was:
| /* confdefs.h */
| #define PACKAGE_NAME "libnfc_nci_linux"
| #define PACKAGE_TARNAME "libnfc_nci_linux"
| #define PACKAGE_VERSION "1.0"
| #define PACKAGE_STRING "libnfc_nci_linux 1.0"
| #define PACKAGE_BUGREPORT ""
| #define PACKAGE_URL ""
| #define PACKAGE "libnfc_nci_linux"
| #define VERSION "1.0"
| #define STDC_HEADERS 1
| #define HAVE_SYS_TYPES_H 1
| #define HAVE_SYS_STAT_H 1
| #define HAVE_STDLIB_H 1
| #define HAVE_STRING_H 1
| #define HAVE_MEMORY_H 1
| #define HAVE_STRINGS_H 1
| #define HAVE_INTTYPES_H 1
| #define HAVE_STDINT_H 1
| #define HAVE_UNISTD_H 1
| #define HAVE_DLFCN_H 1
| #define LT_OBJDIR ".libs/"
| #define HAVE_STDINT_H 1
| #define HAVE_STDLIB_H 1
| #define HAVE_STRING_H 1
| #define HAVE_SYS_TIME_H 1
| #define HAVE_UNISTD_H 1
| #define HAVE_FCNTL_H 1
| #define HAVE_SYS_IOCTL_H 1
| #define HAVE_TERMIOS_H 1
| #define HAVE_MALLOC_H 1
| #define HAVE__BOOL 1
| /* end confdefs.h.  */
| #include <stdio.h>
| #ifdef HAVE_SYS_TYPES_H
| # include <sys/types.h>
| #endif
| #ifdef HAVE_SYS_STAT_H
| # include <sys/stat.h>
| #endif
| #ifdef STDC_HEADERS
| # include <stdlib.h>
| # include <stddef.h>
| #else
| # ifdef HAVE_STDLIB_H
| #  include <stdlib.h>
| # endif
| #endif
| #ifdef HAVE_STRING_H
| # if !defined STDC_HEADERS && defined HAVE_MEMORY_H
| #  include <memory.h>
| # endif
| # include <string.h>
| #endif
| #ifdef HAVE_STRINGS_H
| # include <strings.h>
| #endif
| #ifdef HAVE_INTTYPES_H
| # include <inttypes.h>
| #endif
| #ifdef HAVE_STDINT_H
| # include <stdint.h>
| #endif
| #ifdef HAVE_UNISTD_H
| # include <unistd.h>
| #endif
| int
| main ()
| {
| if (sizeof ((ssize_t)))
| 	    return 0;
|   ;
|   return 0;
| }
configure:15632: result: yes
configure:15647: checking for stdlib.h
configure:15647: result: yes
configure:15657: checking for GNU libc compatible malloc
configure:15691: result: no
configure:15714: checking for stdlib.h
configure:15714: result: yes
configure:15724: checking for GNU libc compatible realloc
configure:15758: result: no
configure:15781: checking for stdlib.h
configure:15781: result: yes
configure:15791: checking for GNU libc compatible malloc
configure:15825: result: no
configure:15836: checking for gettimeofday
configure:15836: arm-linux-gnueabihf-gcc -o conftest -g -O2   conftest.c  >&5
configure:15836: $? = 0
configure:15836: result: yes
configure:15836: checking for memmove
configure:15836: arm-linux-gnueabihf-gcc -o conftest -g -O2   conftest.c  >&5
conftest.c:64:6: warning: conflicting types for built-in function 'memmove' [enabled by default]
 char memmove ();
      ^
configure:15836: $? = 0
configure:15836: result: yes
configure:15836: checking for memset
configure:15836: arm-linux-gnueabihf-gcc -o conftest -g -O2   conftest.c  >&5
conftest.c:65:6: warning: conflicting types for built-in function 'memset' [enabled by default]
 char memset ();
      ^
configure:15836: $? = 0
configure:15836: result: yes
configure:15836: checking for strerror
configure:15836: arm-linux-gnueabihf-gcc -o conftest -g -O2   conftest.c  >&5
configure:15836: $? = 0
configure:15836: result: yes
configure:15836: checking for strstr
configure:15836: arm-linux-gnueabihf-gcc -o conftest -g -O2   conftest.c  >&5
conftest.c:67:6: warning: conflicting types for built-in function 'strstr' [enabled by default]
 char strstr ();
      ^
configure:15836: $? = 0
configure:15836: result: yes
configure:15847: checking for clock_gettime
configure:15847: arm-linux-gnueabihf-gcc -o conftest -g -O2   conftest.c  >&5
/tmp/ccYx2pWs.o: In function `main':
/home/rudypi/IotGeneric/daemons/nfcRPi/linux_libnfc-nci/conftest.c:79: undefined reference to `clock_gettime'
collect2: error: ld returned 1 exit status
configure:15847: $? = 1
configure: failed program was:
| /* confdefs.h */
| #define PACKAGE_NAME "libnfc_nci_linux"
| #define PACKAGE_TARNAME "libnfc_nci_linux"
| #define PACKAGE_VERSION "1.0"
| #define PACKAGE_STRING "libnfc_nci_linux 1.0"
| #define PACKAGE_BUGREPORT ""
| #define PACKAGE_URL ""
| #define PACKAGE "libnfc_nci_linux"
| #define VERSION "1.0"
| #define STDC_HEADERS 1
| #define HAVE_SYS_TYPES_H 1
| #define HAVE_SYS_STAT_H 1
| #define HAVE_STDLIB_H 1
| #define HAVE_STRING_H 1
| #define HAVE_MEMORY_H 1
| #define HAVE_STRINGS_H 1
| #define HAVE_INTTYPES_H 1
| #define HAVE_STDINT_H 1
| #define HAVE_UNISTD_H 1
| #define HAVE_DLFCN_H 1
| #define LT_OBJDIR ".libs/"
| #define HAVE_STDINT_H 1
| #define HAVE_STDLIB_H 1
| #define HAVE_STRING_H 1
| #define HAVE_SYS_TIME_H 1
| #define HAVE_UNISTD_H 1
| #define HAVE_FCNTL_H 1
| #define HAVE_SYS_IOCTL_H 1
| #define HAVE_TERMIOS_H 1
| #define HAVE_MALLOC_H 1
| #define HAVE__BOOL 1
| #define HAVE_STDLIB_H 1
| #define HAVE_MALLOC 0
| #define malloc rpl_malloc
| #define HAVE_STDLIB_H 1
| #define HAVE_REALLOC 0
| #define realloc rpl_realloc
| #define HAVE_STDLIB_H 1
| #define HAVE_GETTIMEOFDAY 1
| #define HAVE_MEMMOVE 1
| #define HAVE_MEMSET 1
| #define HAVE_STRERROR 1
| #define HAVE_STRSTR 1
| /* end confdefs.h.  */
| /* Define clock_gettime to an innocuous variant, in case <limits.h> declares clock_gettime.
|    For example, HP-UX 11i <limits.h> declares gettimeofday.  */
| #define clock_gettime innocuous_clock_gettime
| 
| /* System header to define __stub macros and hopefully few prototypes,
|     which can conflict with char clock_gettime (); below.
|     Prefer <limits.h> to <assert.h> if __STDC__ is defined, since
|     <limits.h> exists even on freestanding compilers.  */
| 
| #ifdef __STDC__
| # include <limits.h>
| #else
| # include <assert.h>
| #endif
| 
| #undef clock_gettime
| 
| /* Override any GCC internal prototype to avoid an error.
|    Use char because int might match the return type of a GCC
|    builtin and then its argument prototype would still apply.  */
| #ifdef __cplusplus
| extern "C"
| #endif
| char clock_gettime ();
| /* The GNU C library defines this for functions which it implements
|     to always fail with ENOSYS.  Some functions are actually named
|     something starting with __ and the normal name is an alias.  */
| #if defined __stub_clock_gettime || defined __stub___clock_gettime
| choke me
| #endif
| 
| int
| main ()
| {
| return clock_gettime ();
|   ;
|   return 0;
| }
configure:15847: result: no
configure:15858: checking for select
configure:15858: arm-linux-gnueabihf-gcc -o conftest -g -O2   conftest.c  >&5
configure:15858: $? = 0
configure:15858: result: yes
configure:15869: checking for dlopen
configure:15869: arm-linux-gnueabihf-gcc -o conftest -g -O2   conftest.c  >&5
/tmp/ccAAJjhE.o: In function `main':
/home/rudypi/IotGeneric/daemons/nfcRPi/linux_libnfc-nci/conftest.c:80: undefined reference to `dlopen'
collect2: error: ld returned 1 exit status
configure:15869: $? = 1
configure: failed program was:
| /* confdefs.h */
| #define PACKAGE_NAME "libnfc_nci_linux"
| #define PACKAGE_TARNAME "libnfc_nci_linux"
| #define PACKAGE_VERSION "1.0"
| #define PACKAGE_STRING "libnfc_nci_linux 1.0"
| #define PACKAGE_BUGREPORT ""
| #define PACKAGE_URL ""
| #define PACKAGE "libnfc_nci_linux"
| #define VERSION "1.0"
| #define STDC_HEADERS 1
| #define HAVE_SYS_TYPES_H 1
| #define HAVE_SYS_STAT_H 1
| #define HAVE_STDLIB_H 1
| #define HAVE_STRING_H 1
| #define HAVE_MEMORY_H 1
| #define HAVE_STRINGS_H 1
| #define HAVE_INTTYPES_H 1
| #define HAVE_STDINT_H 1
| #define HAVE_UNISTD_H 1
| #define HAVE_DLFCN_H 1
| #define LT_OBJDIR ".libs/"
| #define HAVE_STDINT_H 1
| #define HAVE_STDLIB_H 1
| #define HAVE_STRING_H 1
| #define HAVE_SYS_TIME_H 1
| #define HAVE_UNISTD_H 1
| #define HAVE_FCNTL_H 1
| #define HAVE_SYS_IOCTL_H 1
| #define HAVE_TERMIOS_H 1
| #define HAVE_MALLOC_H 1
| #define HAVE__BOOL 1
| #define HAVE_STDLIB_H 1
| #define HAVE_MALLOC 0
| #define malloc rpl_malloc
| #define HAVE_STDLIB_H 1
| #define HAVE_REALLOC 0
| #define realloc rpl_realloc
| #define HAVE_STDLIB_H 1
| #define HAVE_GETTIMEOFDAY 1
| #define HAVE_MEMMOVE 1
| #define HAVE_MEMSET 1
| #define HAVE_STRERROR 1
| #define HAVE_STRSTR 1
| #define HAVE_SELECT 1
| /* end confdefs.h.  */
| /* Define dlopen to an innocuous variant, in case <limits.h> declares dlopen.
|    For example, HP-UX 11i <limits.h> declares gettimeofday.  */
| #define dlopen innocuous_dlopen
| 
| /* System header to define __stub macros and hopefully few prototypes,
|     which can conflict with char dlopen (); below.
|     Prefer <limits.h> to <assert.h> if __STDC__ is defined, since
|     <limits.h> exists even on freestanding compilers.  */
| 
| #ifdef __STDC__
| # include <limits.h>
| #else
| # include <assert.h>
| #endif
| 
| #undef dlopen
| 
| /* Override any GCC internal prototype to avoid an error.
|    Use char because int might match the return type of a GCC
|    builtin and then its argument prototype would still apply.  */
| #ifdef __cplusplus
| extern "C"
| #endif
| char dlopen ();
| /* The GNU C library defines this for functions which it implements
|     to always fail with ENOSYS.  Some functions are actually named
|     something starting with __ and the normal name is an alias.  */
| #if defined __stub_dlopen || defined __stub___dlopen
| choke me
| #endif
| 
| int
| main ()
| {
| return dlopen ();
|   ;
|   return 0;
| }
configure:15869: result: no
configure:15911: Selected chip type is PN7120
configure:16044: checking that generated files are newer than configure
configure:16050: result: done
configure:16089: creating ./config.status

## ---------------- ##
## Cache variables. ##
## ---------------- ##

ac_cv_build=x86_64-unknown-linux-gnu
ac_cv_c_compiler_gnu=yes
ac_cv_c_inline=inline
ac_cv_c_int16_t=yes
ac_cv_c_int32_t=yes
ac_cv_c_int8_t=yes
ac_cv_c_uint16_t=yes
ac_cv_c_uint32_t=yes
ac_cv_c_uint64_t=yes
ac_cv_c_uint8_t=yes
ac_cv_cxx_compiler_gnu=yes
ac_cv_env_CCC_set=
ac_cv_env_CCC_value=
ac_cv_env_CC_set=set
ac_cv_env_CC_value=arm-linux-gnueabihf-gcc
ac_cv_env_CFLAGS_set=set
ac_cv_env_CFLAGS_value='-g -O2'
ac_cv_env_CPPFLAGS_set=
ac_cv_env_CPPFLAGS_value=
ac_cv_env_CPP_set=
ac_cv_env_CPP_value=
ac_cv_env_CXXCPP_set=
ac_cv_env_CXXCPP_value=
ac_cv_env_CXXFLAGS_set=
ac_cv_env_CXXFLAGS_value=
ac_cv_env_CXX_set=set
ac_cv_env_CXX_value=arm-linux-gnueabihf-g++
ac_cv_env_LDFLAGS_set=set
ac_cv_env_LDFLAGS_value=
ac_cv_env_LIBS_set=
ac_cv_env_LIBS_value=
ac_cv_env_build_alias_set=
ac_cv_env_build_alias_value=
ac_cv_env_host_alias_set=set
ac_cv_env_host_alias_value=arm-linux-gnueabihf
ac_cv_env_target_alias_set=
ac_cv_env_target_alias_value=
ac_cv_func_clock_gettime=no
ac_cv_func_dlopen=no
ac_cv_func_gettimeofday=yes
ac_cv_func_malloc_0_nonnull=no
ac_cv_func_memmove=yes
ac_cv_func_memset=yes
ac_cv_func_realloc_0_nonnull=no
ac_cv_func_select=yes
ac_cv_func_strerror=yes
ac_cv_func_strstr=yes
ac_cv_header_dlfcn_h=yes
ac_cv_header_fcntl_h=yes
ac_cv_header_inttypes_h=yes
ac_cv_header_malloc_h=yes
ac_cv_header_memory_h=yes
ac_cv_header_stdbool_h=yes
ac_cv_header_stdc=yes
ac_cv_header_stdint_h=yes
ac_cv_header_stdlib_h=yes
ac_cv_header_string_h=yes
ac_cv_header_strings_h=yes
ac_cv_header_sys_ioctl_h=yes
ac_cv_header_sys_stat_h=yes
ac_cv_header_sys_time_h=yes
ac_cv_header_sys_types_h=yes
ac_cv_header_termios_h=yes
ac_cv_header_unistd_h=yes
ac_cv_host=arm-unknown-linux-gnueabihf
ac_cv_objext=o
ac_cv_path_EGREP='/bin/grep -E'
ac_cv_path_FGREP='/bin/grep -F'
ac_cv_path_GREP=/bin/grep
ac_cv_path_SED=/bin/sed
ac_cv_path_install='/usr/bin/install -c'
ac_cv_path_mkdir=/bin/mkdir
ac_cv_prog_AR=arm-linux-gnueabihf-ar
ac_cv_prog_AWK=mawk
ac_cv_prog_CC=arm-linux-gnueabihf-gcc
ac_cv_prog_CPP='arm-linux-gnueabihf-gcc -E'
ac_cv_prog_CXXCPP='arm-linux-gnueabihf-g++ -E'
ac_cv_prog_OBJDUMP=arm-linux-gnueabihf-objdump
ac_cv_prog_RANLIB=arm-linux-gnueabihf-ranlib
ac_cv_prog_STRIP=arm-linux-gnueabihf-strip
ac_cv_prog_ac_ct_MANIFEST_TOOL=mt
ac_cv_prog_cc_c89=
ac_cv_prog_cc_g=yes
ac_cv_prog_cxx_g=yes
ac_cv_prog_make_make_set=yes
ac_cv_type__Bool=yes
ac_cv_type_size_t=yes
ac_cv_type_ssize_t=yes
am_cv_CC_dependencies_compiler_type=gcc3
am_cv_CXX_dependencies_compiler_type=gcc3
am_cv_make_support_nested_variables=yes
am_cv_prog_cc_c_o=yes
lt_cv_ar_at_file=@
lt_cv_archive_cmds_need_lc=no
lt_cv_deplibs_check_method=pass_all
lt_cv_file_magic_cmd='$MAGIC_CMD'
lt_cv_file_magic_test_file=
lt_cv_ld_reload_flag=-r
lt_cv_nm_interface='BSD nm'
lt_cv_objdir=.libs
lt_cv_path_LD=/home/rudypi/tools/arm-bcm2708/gcc-linaro-arm-linux-gnueabihf-raspbian-x64/arm-linux-gnueabihf/bin/ld
lt_cv_path_LDCXX=/home/rudypi/tools/arm-bcm2708/gcc-linaro-arm-linux-gnueabihf-raspbian-x64/arm-linux-gnueabihf/bin/ld
lt_cv_path_NM='/home/rudypi/tools/arm-bcm2708/gcc-linaro-arm-linux-gnueabihf-raspbian-x64/bin/arm-linux-gnueabihf-nm -B'
lt_cv_path_mainfest_tool=no
lt_cv_prog_compiler_c_o=yes
lt_cv_prog_compiler_c_o_CXX=yes
lt_cv_prog_compiler_pic='-fPIC -DPIC'
lt_cv_prog_compiler_pic_CXX='-fPIC -DPIC'
lt_cv_prog_compiler_pic_works=yes
lt_cv_prog_compiler_pic_works_CXX=yes
lt_cv_prog_compiler_rtti_exceptions=no
lt_cv_prog_compiler_static_works=yes
lt_cv_prog_compiler_static_works_CXX=yes
lt_cv_prog_gnu_ld=yes
lt_cv_prog_gnu_ldcxx=yes
lt_cv_sharedlib_from_linklib_cmd='printf %s\n'
lt_cv_shlibpath_overrides_runpath=no
lt_cv_sys_global_symbol_pipe='sed -n -e '\''s/^.*[	 ]\([ABCDGIRSTW][ABCDGIRSTW]*\)[	 ][	 ]*\([_A-Za-z][_A-Za-z0-9]*\)$/\1 \2 \2/p'\'' | sed '\''/ __gnu_lto/d'\'''
lt_cv_sys_global_symbol_to_c_name_address='sed -n -e '\''s/^: \([^ ]*\)[ ]*$/  {\"\1\", (void *) 0},/p'\'' -e '\''s/^[ABCDGIRSTW]* \([^ ]*\) \([^ ]*\)$/  {"\2", (void *) \&\2},/p'\'''
lt_cv_sys_global_symbol_to_c_name_address_lib_prefix='sed -n -e '\''s/^: \([^ ]*\)[ ]*$/  {\"\1\", (void *) 0},/p'\'' -e '\''s/^[ABCDGIRSTW]* \([^ ]*\) \(lib[^ ]*\)$/  {"\2", (void *) \&\2},/p'\'' -e '\''s/^[ABCDGIRSTW]* \([^ ]*\) \([^ ]*\)$/  {"lib\2", (void *) \&\2},/p'\'''
lt_cv_sys_global_symbol_to_cdecl='sed -n -e '\''s/^T .* \(.*\)$/extern int \1();/p'\'' -e '\''s/^[ABCDGIRSTW]* .* \(.*\)$/extern char \1;/p'\'''
lt_cv_sys_max_cmd_len=3458764513820540925
lt_cv_to_host_file_cmd=func_convert_file_noop
lt_cv_to_tool_file_cmd=func_convert_file_noop

## ----------------- ##
## Output variables. ##
## ----------------- ##

ACLOCAL='${SHELL} /home/rudypi/IotGeneric/daemons/nfcRPi/linux_libnfc-nci/missing aclocal-1.14'
AMDEPBACKSLASH='\'
AMDEP_FALSE='#'
AMDEP_TRUE=''
AMTAR='$${TAR-tar}'
AM_BACKSLASH='\'
AM_DEFAULT_V='$(AM_DEFAULT_VERBOSITY)'
AM_DEFAULT_VERBOSITY='1'
AM_V='$(V)'
AR='arm-linux-gnueabihf-ar'
AUTOCONF='${SHELL} /home/rudypi/IotGeneric/daemons/nfcRPi/linux_libnfc-nci/missing autoconf'
AUTOHEADER='${SHELL} /home/rudypi/IotGeneric/daemons/nfcRPi/linux_libnfc-nci/missing autoheader'
AUTOMAKE='${SHELL} /home/rudypi/IotGeneric/daemons/nfcRPi/linux_libnfc-nci/missing automake-1.14'
AWK='mawk'
CC='arm-linux-gnueabihf-gcc'
CCDEPMODE='depmode=gcc3'
CFLAGS='-g -O2'
CHIP_SEL_NOK_FALSE='#'
CHIP_SEL_NOK_TRUE=''
CHIP_SEL_ONE_FALSE='#'
CHIP_SEL_ONE_TRUE=''
CPP='arm-linux-gnueabihf-gcc -E'
CPPFLAGS=''
CXX='arm-linux-gnueabihf-g++'
CXXCPP='arm-linux-gnueabihf-g++ -E'
CXXDEPMODE='depmode=gcc3'
CXXFLAGS='-g -O2'
CYGPATH_W='echo'
DEFS='-DHAVE_CONFIG_H'
DEPDIR='.deps'
DLLTOOL='false'
DSYMUTIL=''
DUMPBIN=''
ECHO_C=''
ECHO_N='-n'
ECHO_T=''
EGREP='/bin/grep -E'
EXEEXT=''
FGREP='/bin/grep -F'
GREP='/bin/grep'
INSTALL_DATA='${INSTALL} -m 644'
INSTALL_PROGRAM='${INSTALL}'
INSTALL_SCRIPT='${INSTALL}'
INSTALL_STRIP_PROGRAM='$(install_sh) -c -s'
LD='/home/rudypi/tools/arm-bcm2708/gcc-linaro-arm-linux-gnueabihf-raspbian-x64/arm-linux-gnueabihf/bin/ld'
LDFLAGS=''
LIBOBJS=' ${LIBOBJDIR}malloc$U.o ${LIBOBJDIR}realloc$U.o'
LIBS=''
LIBTOOL='$(SHELL) $(top_builddir)/libtool'
LIPO=''
LN_S='ln -s'
LTLIBOBJS=' ${LIBOBJDIR}malloc$U.lo ${LIBOBJDIR}realloc$U.lo'
MAKEINFO='${SHELL} /home/rudypi/IotGeneric/daemons/nfcRPi/linux_libnfc-nci/missing makeinfo'
MANIFEST_TOOL=':'
MKDIR_P='/bin/mkdir -p'
NM='/home/rudypi/tools/arm-bcm2708/gcc-linaro-arm-linux-gnueabihf-raspbian-x64/bin/arm-linux-gnueabihf-nm -B'
NMEDIT=''
OBJDUMP='arm-linux-gnueabihf-objdump'
OBJEXT='o'
OTOOL64=''
OTOOL=''
PACKAGE='libnfc_nci_linux'
PACKAGE_BUGREPORT=''
PACKAGE_NAME='libnfc_nci_linux'
PACKAGE_STRING='libnfc_nci_linux 1.0'
PACKAGE_TARNAME='libnfc_nci_linux'
PACKAGE_URL=''
PACKAGE_VERSION='1.0'
PATH_SEPARATOR=':'
PN7120_FALSE='#'
PN7120_TRUE=''
RANLIB='arm-linux-gnueabihf-ranlib'
SED='/bin/sed'
SET_MAKE=''
SHELL='/bin/bash'
STRIP='arm-linux-gnueabihf-strip'
VERSION='1.0'
ac_ct_AR=''
ac_ct_CC=''
ac_ct_CXX=''
ac_ct_DUMPBIN=''
am__EXEEXT_FALSE=''
am__EXEEXT_TRUE='#'
am__fastdepCC_FALSE='#'
am__fastdepCC_TRUE=''
am__fastdepCXX_FALSE='#'
am__fastdepCXX_TRUE=''
am__include='include'
am__isrc=''
am__leading_dot='.'
am__nodep='_no'
am__quote=''
am__tar='$${TAR-tar} chof - "$$tardir"'
am__untar='$${TAR-tar} xf -'
bindir='${exec_prefix}/bin'
build='x86_64-unknown-linux-gnu'
build_alias=''
build_cpu='x86_64'
build_os='linux-gnu'
build_vendor='unknown'
datadir='${datarootdir}'
datarootdir='${prefix}/share'
docdir='${datarootdir}/doc/${PACKAGE_TARNAME}'
dvidir='${docdir}'
exec_prefix='${prefix}'
host='arm-unknown-linux-gnueabihf'
host_alias='arm-linux-gnueabihf'
host_cpu='arm'
host_os='linux-gnueabihf'
host_vendor='unknown'
htmldir='${docdir}'
includedir='${prefix}/include'
infodir='${datarootdir}/info'
install_sh='${SHELL} /home/rudypi/IotGeneric/daemons/nfcRPi/linux_libnfc-nci/install-sh'
libdir='${exec_prefix}/lib'
libexecdir='${exec_prefix}/libexec'
localedir='${datarootdir}/locale'
localstatedir='${prefix}/var'
mandir='${datarootdir}/man'
mkdir_p='$(MKDIR_P)'
oldincludedir='/usr/include'
pdfdir='${docdir}'
prefix='/usr/local'
program_transform_name='s,x,x,'
psdir='${docdir}'
sbindir='${exec_prefix}/sbin'
sharedstatedir='${prefix}/com'
sysconfdir='${prefix}/etc'
target_alias=''

## ----------- ##
## confdefs.h. ##
## ----------- ##

/* confdefs.h */
#define PACKAGE_NAME "libnfc_nci_linux"
#define PACKAGE_TARNAME "libnfc_nci_linux"
#define PACKAGE_VERSION "1.0"
#define PACKAGE_STRING "libnfc_nci_linux 1.0"
#define PACKAGE_BUGREPORT ""
#define PACKAGE_URL ""
#define PACKAGE "libnfc_nci_linux"
#define VERSION "1.0"
#define STDC_HEADERS 1
#define HAVE_SYS_TYPES_H 1
#define HAVE_SYS_STAT_H 1
#define HAVE_STDLIB_H 1
#define HAVE_STRING_H 1
#define HAVE_MEMORY_H 1
#define HAVE_STRINGS_H 1
#define HAVE_INTTYPES_H 1
#define HAVE_STDINT_H 1
#define HAVE_UNISTD_H 1
#define HAVE_DLFCN_H 1
#define LT_OBJDIR ".libs/"
#define HAVE_STDINT_H 1
#define HAVE_STDLIB_H 1
#define HAVE_STRING_H 1
#define HAVE_SYS_TIME_H 1
#define HAVE_UNISTD_H 1
#define HAVE_FCNTL_H 1
#define HAVE_SYS_IOCTL_H 1
#define HAVE_TERMIOS_H 1
#define HAVE_MALLOC_H 1
#define HAVE__BOOL 1
#define HAVE_STDLIB_H 1
#define HAVE_MALLOC 0
#define malloc rpl_malloc
#define HAVE_STDLIB_H 1
#define HAVE_REALLOC 0
#define realloc rpl_realloc
#define HAVE_STDLIB_H 1
#define HAVE_GETTIMEOFDAY 1
#define HAVE_MEMMOVE 1
#define HAVE_MEMSET 1
#define HAVE_STRERROR 1
#define HAVE_STRSTR 1
#define HAVE_SELECT 1

configure: caught signal 2
configure: exit 1
